0 info it worked if it ends with ok
1 verbose cli [ 'C:\\Program Files\\nodejs\\node.exe',
1 verbose cli   'C:\\Program Files\\nodejs\\node_modules\\npm\\bin\\npm-cli.js',
1 verbose cli   'run',
1 verbose cli   'protractor' ]
2 info using npm@3.10.10
3 info using node@v6.11.3
4 verbose run-script [ 'preprotractor', 'protractor', 'postprotractor' ]
5 info lifecycle Tavie-pro@1.0.0~preprotractor: Tavie-pro@1.0.0
6 silly lifecycle Tavie-pro@1.0.0~preprotractor: no script for preprotractor, continuing
7 info lifecycle Tavie-pro@1.0.0~protractor: Tavie-pro@1.0.0
8 verbose lifecycle Tavie-pro@1.0.0~protractor: unsafe-perm in lifecycle true
9 verbose lifecycle Tavie-pro@1.0.0~protractor: PATH: C:\Program Files\nodejs\node_modules\npm\bin\node-gyp-bin;C:\Users\prave\Tavie-Pro\node_modules\.bin;C:\Users\prave\AppData\Roaming\npm;C:\Program Files\nodejs\;C:\Program Files (x86)\Intel\iCLS Client\;C:\ProgramData\Oracle\Java\javapath;C:\Program Files\Intel\iCLS Client\;C:\WINDOWS\system32;C:\WINDOWS;C:\WINDOWS\System32\Wbem;C:\WINDOWS\System32\WindowsPowerShell\v1.0\;C:\Program Files\Java\jdk1.8.0_131\bin;C:\Program Files\apache-maven-3.5.0\bin;C:\Program Files (x86)\ApproveIt\;C:\Users\prave\AppData\Local\Android\sdk\tools\bin;C:\Users\prave\AppData\Local\Android\sdk\tools;C:\Users\prave\AppData\Local\Android\sdk\platform-tools;C:\Program Files\nodejs\;C:\Program Files\nodejs\node_modules\npm\bin;C:\Program Files\Git\cmd;C:\Program Files (x86)\Intel\Intel(R) Management Engine Components\DAL;C:\Program Files\Intel\Intel(R) Management Engine Components\DAL;C:\Program Files (x86)\Intel\Intel(R) Management Engine Components\IPT;C:\Program Files\Intel\Intel(R) Management Engine Components\IPT;C:\Program Files\Intel\WiFi\bin\;C:\Program Files\Common Files\Intel\WirelessCommon\;C:\WINDOWS\System32\OpenSSH\;C:\Program Files\Microsoft VS Code\bin;C:\Users\prave\AppData\Local\Microsoft\WindowsApps;C:\Users\prave\AppData\Roaming\npm;C:\Program Files\Microsoft VS Code\bin;
10 verbose lifecycle Tavie-pro@1.0.0~protractor: CWD: C:\Users\prave\Tavie-Pro
11 silly lifecycle Tavie-pro@1.0.0~protractor: Args: [ '/d /s /c', 'protractor Test/conf.js' ]
12 silly lifecycle Tavie-pro@1.0.0~protractor: Returned: code: 3221225786  signal: null
13 info lifecycle Tavie-pro@1.0.0~protractor: Failed to exec protractor script
14 verbose stack Error: Tavie-pro@1.0.0 protractor: `protractor Test/conf.js`
14 verbose stack Exit status 3221225786
14 verbose stack     at EventEmitter.<anonymous> (C:\Program Files\nodejs\node_modules\npm\lib\utils\lifecycle.js:255:16)
14 verbose stack     at emitTwo (events.js:106:13)
14 verbose stack     at EventEmitter.emit (events.js:191:7)
14 verbose stack     at ChildProcess.<anonymous> (C:\Program Files\nodejs\node_modules\npm\lib\utils\spawn.js:40:14)
14 verbose stack     at emitTwo (events.js:106:13)
14 verbose stack     at ChildProcess.emit (events.js:191:7)
14 verbose stack     at maybeClose (internal/child_process.js:920:16)
14 verbose stack     at Process.ChildProcess._handle.onexit (internal/child_process.js:230:5)
15 verbose pkgid Tavie-pro@1.0.0
16 verbose cwd C:\Users\prave\Tavie-Pro
17 error Windows_NT 10.0.17134
18 error argv "C:\\Program Files\\nodejs\\node.exe" "C:\\Program Files\\nodejs\\node_modules\\npm\\bin\\npm-cli.js" "run" "protractor"
19 error node v6.11.3
20 error npm  v3.10.10
21 error code ELIFECYCLE
22 error Tavie-pro@1.0.0 protractor: `protractor Test/conf.js`
22 error Exit status 3221225786
23 error Failed at the Tavie-pro@1.0.0 protractor script 'protractor Test/conf.js'.
23 error Make sure you have the latest version of node.js and npm installed.
23 error If you do, this is most likely a problem with the Tavie-pro package,
23 error not with npm itself.
23 error Tell the author that this fails on your system:
23 error     protractor Test/conf.js
23 error You can get information on how to open an issue for this project with:
23 error     npm bugs Tavie-pro
23 error Or if that isn't available, you can get their info via:
23 error     npm owner ls Tavie-pro
23 error There is likely additional logging output above.
24 verbose exit [ 1, true ]
